This is pdfTeX, Version 3.141592653-2.6-1.40.25 (TeX Live 2023) (preloaded format=pdflatex 2023.7.7)  5 OCT 2023 13:12
entering extended mode
 restricted \write18 enabled.
 file:line:error style messages enabled.
 %&-line parsing enabled.
**biomsample.tex
(./biomsample.tex
LaTeX2e <2022-11-01> patch level 1
L3 programming layer <2023-02-22> (./biom.cls
Document Class: biom 2006/12/12 v2.2 LaTeX2e Biom document class
Document Style `Biom' v1.0, released 2006 December 12
\math@groups=\toks16
LaTeX Font Info:    Overwriting symbol font `symbols' in version `bold'
(Font)                  OMS/cmsy/b/n --> OMS/cmsy/b/n on input line 236.
\symUPM=\mathgroup4
LaTeX Font Info:    Overwriting symbol font `UPM' in version `bold'
(Font)                  U/eur/m/n --> U/eur/b/n on input line 273.
\symAMSa=\mathgroup5
\SFB@measure=\dimen140
\realparindent=\skip48
\c@part=\count185
\c@section=\count186
\c@subsection=\count187
\c@subsubsection=\count188
\c@paragraph=\count189
\c@subparagraph=\count190
\c@discounter=\count191
\@topalign=\dimen141
\Verticalskip=\dimen142
\@partialpageht=\dimen143
\store@outputbox=\box51
\storedboxheight=\dimen144
\@indentskip=\skip49
\smallindent=\skip50
\@footindent=\skip51
\@leftskip=\skip52
\absbox=\box52
\keywdbox=\box53
\c@emailcnt=\count192
\c@emailxcnt=\count193
\tempcount=\count194
(/usr/local/texlive/2023/texmf-dist/tex/latex/natbib/natbib.sty
Package: natbib 2010/09/13 8.31b (PWD, AO)
\bibhang=\skip53
\bibsep=\skip54
LaTeX Info: Redefining \cite on input line 694.
\c@NAT@ctr=\count195
)
\c@dummy=\count196
\c@table=\count197
\c@figure=\count198
\mathindent=\dimen145
 (/usr/local/texlive/2023/texmf-dist/tex/latex/tools/theorem.sty
Package: theorem 2014/10/28 v2.2c Theorem extension package (FMi)
\theorem@style=\toks17
\theorem@bodyfont=\toks18
\theorempreskipamount=\skip55
\theorempostskipamount=\skip56
 (/usr/local/texlive/2023/texmf-dist/tex/latex/tools/thp.sty
File: thp.sty 2014/10/28 v2.2c Theorem extension package (FMi)
))
\c@theorem=\count199
\c@theorem=\count266
\c@corollary=\count267
\c@fact=\count268
\c@property=\count269
\c@result=\count270
\c@lemma=\count271
\c@assumption=\count272
\c@case=\count273
\c@axiom=\count274
\c@change=\count275
\c@claim=\count276
\c@conjecture=\count277
\c@definition=\count278
\c@example=\count279
\c@formula=\count280
\c@hypothesis=\count281
\c@method=\count282
\c@model=\count283
\c@notation=\count284
\c@note=\count285
\c@objective=\count286
\c@observation=\count287
\c@principle=\count288
\c@problem=\count289
\c@procedure=\count290
\c@remark=\count291
\c@step=\count292
\theorempreskipamount=\skip57
\theorempostskipamount=\skip58
) (/usr/local/texlive/2023/texmf-dist/tex/latex/graphics/rotating.sty
Package: rotating 2016/08/11 v2.16d rotated objects in LaTeX
 (/usr/local/texlive/2023/texmf-dist/tex/latex/graphics/graphicx.sty
Package: graphicx 2021/09/16 v1.2d Enhanced LaTeX Graphics (DPC,SPQR)
 (/usr/local/texlive/2023/texmf-dist/tex/latex/graphics/keyval.sty
Package: keyval 2022/05/29 v1.15 key=value parser (DPC)
\KV@toks@=\toks19
) (/usr/local/texlive/2023/texmf-dist/tex/latex/graphics/graphics.sty
Package: graphics 2022/03/10 v1.4e Standard LaTeX Graphics (DPC,SPQR)
 (/usr/local/texlive/2023/texmf-dist/tex/latex/graphics/trig.sty
Package: trig 2021/08/11 v1.11 sin cos tan (DPC)
) (/usr/local/texlive/2023/texmf-dist/tex/latex/graphics-cfg/graphics.cfg
File: graphics.cfg 2016/06/04 v1.11 sample graphics configuration
)
Package graphics Info: Driver file: pdftex.def on input line 107.
 (/usr/local/texlive/2023/texmf-dist/tex/latex/graphics-def/pdftex.def
File: pdftex.def 2022/09/22 v1.2b Graphics/color driver for pdftex
))
\Gin@req@height=\dimen146
\Gin@req@width=\dimen147
) (/usr/local/texlive/2023/texmf-dist/tex/latex/base/ifthen.sty
Package: ifthen 2022/04/13 v1.1d Standard LaTeX ifthen package (DPC)
)
\c@r@tfl@t=\count293
\rotFPtop=\skip59
\rotFPbot=\skip60
\rot@float@box=\box54
\rot@mess@toks=\toks20
) (/usr/local/texlive/2023/texmf-dist/tex/latex/l3backend/l3backend-pdftex.def
File: l3backend-pdftex.def 2023-01-16 L3 backend support: PDF output (pdfTeX)
\l__color_backend_stack_int=\count294
\l__pdf_internal_box=\box55
) (./biomsample.aux)
\openout1 = `biomsample.aux'.

LaTeX Font Info:    Checking defaults for OML/cmm/m/it on input line 63.
LaTeX Font Info:    ... okay on input line 63.
LaTeX Font Info:    Checking defaults for OMS/cmsy/m/n on input line 63.
LaTeX Font Info:    ... okay on input line 63.
LaTeX Font Info:    Checking defaults for OT1/cmr/m/n on input line 63.
LaTeX Font Info:    ... okay on input line 63.
LaTeX Font Info:    Checking defaults for T1/cmr/m/n on input line 63.
LaTeX Font Info:    ... okay on input line 63.
LaTeX Font Info:    Checking defaults for TS1/cmr/m/n on input line 63.
LaTeX Font Info:    ... okay on input line 63.
LaTeX Font Info:    Checking defaults for OMX/cmex/m/n on input line 63.
LaTeX Font Info:    ... okay on input line 63.
LaTeX Font Info:    Checking defaults for U/cmr/m/n on input line 63.
LaTeX Font Info:    ... okay on input line 63.
 (/usr/local/texlive/2023/texmf-dist/tex/context/base/mkii/supp-pdf.mkii
[Loading MPS to PDF converter (version 2006.09.02).]
\scratchcounter=\count295
\scratchdimen=\dimen148
\scratchbox=\box56
\nofMPsegments=\count296
\nofMParguments=\count297
\everyMPshowfont=\toks21
\MPscratchCnt=\count298
\MPscratchDim=\dimen149
\MPnumerator=\count299
\makeMPintoPDFobject=\count300
\everyMPtoPDFconversion=\toks22
) (/usr/local/texlive/2023/texmf-dist/tex/latex/epstopdf-pkg/epstopdf-base.sty
Package: epstopdf-base 2020-01-24 v2.11 Base part for package epstopdf
Package epstopdf-base Info: Redefining graphics rule for `.eps' on input line 485.
 (/usr/local/texlive/2023/texmf-dist/tex/latex/latexconfig/epstopdf-sys.cfg
File: epstopdf-sys.cfg 2010/07/13 v1.3 Configuration of (r)epstopdf for TeX Live
))
LaTeX Font Info:    External font `cmex10' loaded for size
(Font)              <7> on input line 105.
LaTeX Font Info:    External font `cmex10' loaded for size
(Font)              <5> on input line 105.
LaTeX Font Info:    Trying to load font information for U+eur on input line 105.
 (/usr/local/texlive/2023/texmf-dist/tex/latex/amsfonts/ueur.fd
File: ueur.fd 2013/01/14 v3.01 Euler Roman
)
LaTeX Font Info:    Trying to load font information for U+msa on input line 105.
 (/usr/local/texlive/2023/texmf-dist/tex/latex/amsfonts/umsa.fd
File: umsa.fd 2013/01/14 v3.01 AMS symbols A
)
LaTeX Font Info:    External font `cmex10' loaded for size
(Font)              <9> on input line 105.
LaTeX Font Info:    External font `cmex10' loaded for size
(Font)              <6> on input line 105.
LaTeX Font Info:    External font `cmex10' loaded for size
(Font)              <8> on input line 140.

Overfull \vbox (3.5pt too high) has occurred while \output is active []

 [1{/usr/local/texlive/2023/texmf-var/fonts/map/pdftex/updmap/pdftex.map}


]
Overfull \hbox (4.62497pt too wide) has occurred while \output is active
\OT1/cmr/m/n/9 2
 []

[2]
Overfull \hbox (258.0pt too wide) in paragraph at lines 365--373
[][] 
 []

Package epstopdf Info: Source file: <mouse.eps>
(epstopdf)                    date: 2023-10-05 12:01:19
(epstopdf)                    size: 5341 bytes
(epstopdf)             Output file: <mouse-eps-converted-to.pdf>
(epstopdf)                    date: 2023-10-05 13:12:32
(epstopdf)                    size: 3047 bytes
(epstopdf)             Command: <repstopdf --outfile=mouse-eps-converted-to.pdf mouse.eps>
(epstopdf)             \includegraphics on input line 409.
Package epstopdf Info: Output file is already uptodate.
<mouse-eps-converted-to.pdf, id=29, 151.56625pt x 134.5025pt>
File: mouse-eps-converted-to.pdf Graphic file (type pdf)
<use mouse-eps-converted-to.pdf>
Package pdftex.def Info: mouse-eps-converted-to.pdf  used on input line 409.
(pdftex.def)             Requested size: 162.6075pt x 144.30206pt.

Underfull \hbox (badness 3780) in paragraph at lines 417--420
\OT1/cmr/m/n/9 sion, called in-frared cir-rus, from in-ter-stel-lar dust on
 []


Underfull \hbox (badness 3209) in paragraph at lines 417--420
\OT1/cmr/m/n/9 all spa-tial scales (Sharma et al., 1984), thereby im-
 []


Underfull \hbox (badness 1852) in paragraph at lines 417--420
\OT1/cmr/m/n/9 pair-ing the mea-sure-ments at far-infrared wave-lengths. 
 []


Overfull \hbox (4.62497pt too wide) has occurred while \output is active
\OT1/cmr/m/n/9 3
 []

[3 <./mouse-eps-converted-to.pdf>]
Package epstopdf Info: Source file: <mouse.eps>
(epstopdf)                    date: 2023-10-05 12:01:19
(epstopdf)                    size: 5341 bytes
(epstopdf)             Output file: <mouse-eps-converted-to.pdf>
(epstopdf)                    date: 2023-10-05 13:12:32
(epstopdf)                    size: 3047 bytes
(epstopdf)             Command: <repstopdf --outfile=mouse-eps-converted-to.pdf mouse.eps>
(epstopdf)             \includegraphics on input line 508.
Package epstopdf Info: Output file is already uptodate.
File: mouse-eps-converted-to.pdf Graphic file (type pdf)
<use mouse-eps-converted-to.pdf>
Package pdftex.def Info: mouse-eps-converted-to.pdf  used on input line 508.
(pdftex.def)             Requested size: 325.215pt x 288.6062pt.
Package epstopdf Info: Source file: <mouse.eps>
(epstopdf)                    date: 2023-10-05 12:01:19
(epstopdf)                    size: 5341 bytes
(epstopdf)             Output file: <mouse-eps-converted-to.pdf>
(epstopdf)                    date: 2023-10-05 13:12:32
(epstopdf)                    size: 3047 bytes
(epstopdf)             Command: <repstopdf --outfile=mouse-eps-converted-to.pdf mouse.eps>
(epstopdf)             \includegraphics on input line 529.
Package epstopdf Info: Output file is already uptodate.
File: mouse-eps-converted-to.pdf Graphic file (type pdf)
<use mouse-eps-converted-to.pdf>
Package pdftex.def Info: mouse-eps-converted-to.pdf  used on input line 529.
(pdftex.def)             Requested size: 144.54pt x 128.26918pt.

Underfull \vbox (badness 10000) has occurred while \output is active []


Overfull \hbox (4.62497pt too wide) has occurred while \output is active
\OT1/cmr/m/n/9 4
 []

[4]
Overfull \hbox (4.62497pt too wide) has occurred while \output is active
\OT1/cmr/m/n/9 5
 []

[5]
Underfull \hbox (badness 2735) in paragraph at lines 623--646
\OT1/cmr/m/n/9 abun-dances and space dis-tri-bu-tion of RV Tauri stars
 []


Underfull \hbox (badness 10000) in paragraph at lines 623--646
\OT1/cmtt/m/n/9 http://www.duke.edu/$\OMS/cmsy/m/n/9 ^^X$\OT1/cmtt/m/n/9 delon001/Biometrics[]tables.pdf\OT1/cmr/m/n/9 .
 []


Underfull \hbox (badness 10000) detected at line 667
\OT1/cmr/m/n/9 1.
 []


Underfull \hbox (badness 10000) detected at line 668
\OT1/cmr/m/n/9 2.
 []


Underfull \hbox (badness 10000) detected at line 669
\OT1/cmr/m/n/9 3.
 []


Overfull \hbox (4.62497pt too wide) has occurred while \output is active
\OT1/cmr/m/n/9 6
 []

[6]
Underfull \hbox (badness 1142) in paragraph at lines 813--818
\OT1/cmr/m/n/9 (This ap-pendix was not part of the orig-i-nal pa-per by
 []


Overfull \hbox (4.62497pt too wide) has occurred while \output is active
\OT1/cmr/m/n/9 7
 []

[7]
Overfull \hbox (4.62497pt too wide) has occurred while \output is active
\OT1/cmr/m/n/9 8
 []

[8] (./biomsample.aux) ) 
Here is how much of TeX's memory you used:
 2421 strings out of 476025
 35332 string characters out of 5790018
 1883388 words of memory out of 5000000
 22863 multiletter control sequences out of 15000+600000
 524553 words of font info for 75 fonts, out of 8000000 for 9000
 1141 hyphenation exceptions out of 8191
 72i,18n,76p,310b,527s stack positions out of 10000i,1000n,20000p,200000b,200000s
</usr/local/texlive/2023/texmf-dist/fonts/type1/public/amsfonts/cmextra/cmbsy7.pfb></usr/local/texlive/2023/texmf-dist/fonts/type1/public/amsfonts/cm/cmbx10.pfb></usr/local/texlive/2023/texmf-dist/fonts/type1/public/amsfonts/cm/cmbx12.pfb></usr/local/texlive/2023/texmf-dist/fonts/type1/public/amsfonts/cm/cmbx9.pfb></usr/local/texlive/2023/texmf-dist/fonts/type1/public/amsfonts/cm/cmcsc10.pfb></usr/local/texlive/2023/texmf-dist/fonts/type1/public/amsfonts/cm/cmex10.pfb></usr/local/texlive/2023/texmf-dist/fonts/type1/public/amsfonts/cm/cmmi6.pfb></usr/local/texlive/2023/texmf-dist/fonts/type1/public/amsfonts/cm/cmmi8.pfb></usr/local/texlive/2023/texmf-dist/fonts/type1/public/amsfonts/cm/cmmi9.pfb></usr/local/texlive/2023/texmf-dist/fonts/type1/public/amsfonts/cm/cmr10.pfb></usr/local/texlive/2023/texmf-dist/fonts/type1/public/amsfonts/cm/cmr5.pfb></usr/local/texlive/2023/texmf-dist/fonts/type1/public/amsfonts/cm/cmr6.pfb></usr/local/texlive/2023/texmf-dist/fonts/type1/public/amsfonts/cm/cmr8.pfb></usr/local/texlive/2023/texmf-dist/fonts/type1/public/amsfonts/cm/cmr9.pfb></usr/local/texlive/2023/texmf-dist/fonts/type1/public/amsfonts/cm/cmsy6.pfb></usr/local/texlive/2023/texmf-dist/fonts/type1/public/amsfonts/cm/cmsy9.pfb></usr/local/texlive/2023/texmf-dist/fonts/type1/public/amsfonts/cm/cmti10.pfb></usr/local/texlive/2023/texmf-dist/fonts/type1/public/amsfonts/cm/cmti8.pfb></usr/local/texlive/2023/texmf-dist/fonts/type1/public/amsfonts/cm/cmti9.pfb></usr/local/texlive/2023/texmf-dist/fonts/type1/public/amsfonts/cm/cmtt9.pfb></usr/local/texlive/2023/texmf-dist/fonts/type1/public/amsfonts/euler/eurm10.pfb>
Output written on biomsample.pdf (8 pages, 278505 bytes).
PDF statistics:
 138 PDF objects out of 1000 (max. 8388607)
 84 compressed objects within 1 object stream
 0 named destinations out of 1000 (max. 500000)
 6 words of extra memory for PDF output out of 10000 (max. 10000000)

